app/build/intermediates/manifest_merge_blame_file/debug/manifest-merger-blame-debug-report.txt
1<?xml version="1.0" encoding="utf-8"?>
2<manifest xmlns:android="http://schemas.android.com/apk/res/android"
3    package="com.polsri.paio"
4    android:versionCode="1"
5    android:versionName="1.0" >
6
7    <uses-sdk
8        android:minSdkVersion="16"
8-->src/main/AndroidManifest.xml
9        android:targetSdkVersion="30" />
9-->src/main/AndroidManifest.xml
10
11    <uses-permission android:name="android.permission.INTERNET" />
11-->src/main/AndroidManifest.xml:5:5-67
11-->src/main/AndroidManifest.xml:5:22-64
12
13    <!-- Although the *SdkVersion is captured in gradle build files, this is required for non gradle builds -->
14    <!-- <uses-sdk android:minSdkVersion="14"/> -->
15    <uses-permission android:name="android.permission.ACCESS_NETWORK_STATE" />
15-->[com.google.firebase:firebase-database:20.0.2] AndroidManifest.xml:25:5-79
15-->[com.google.firebase:firebase-database:20.0.2] AndroidManifest.xml:25:22-76
16    <uses-permission android:name="android.permission.WAKE_LOCK" />
16-->[com.google.android.gms:play-services-measurement-api:19.0.0] AndroidManifest.xml:24:5-68
16-->[com.google.android.gms:play-services-measurement-api:19.0.0] AndroidManifest.xml:24:22-65
17    <uses-permission android:name="com.google.android.finsky.permission.BIND_GET_INSTALL_REFERRER_SERVICE" />
17-->[com.google.android.gms:play-services-measurement:19.0.0] AndroidManifest.xml:26:5-110
17-->[com.google.android.gms:play-services-measurement:19.0.0] AndroidManifest.xml:26:22-107
18
19    <application
19-->src/main/AndroidManifest.xml:7:5-25:19
20        android:allowBackup="true"
20-->src/main/AndroidManifest.xml:8:9-35
21        android:appComponentFactory="androidx.core.app.CoreComponentFactory"
21-->[androidx.core:core:1.5.0] AndroidManifest.xml:24:18-86
22        android:debuggable="true"
23        android:icon="@mipmap/ic_polsri"
23-->src/main/AndroidManifest.xml:9:9-41
24        android:label="@string/app_name"
24-->src/main/AndroidManifest.xml:10:9-41
25        android:roundIcon="@mipmap/ic_polsri_round"
25-->src/main/AndroidManifest.xml:11:9-52
26        android:supportsRtl="true"
26-->src/main/AndroidManifest.xml:12:9-35
27        android:testOnly="true"
28        android:theme="@style/Theme.Paio" >
28-->src/main/AndroidManifest.xml:13:9-42
29        <activity android:name="com.polsri.paio.menu.kondisiAir" />
29-->src/main/AndroidManifest.xml:14:9-62
29-->src/main/AndroidManifest.xml:14:19-50
30        <activity android:name="com.polsri.paio.menu.settings" />
30-->src/main/AndroidManifest.xml:15:9-51
30-->src/main/AndroidManifest.xml:15:19-48
31        <activity android:name="com.polsri.paio.menu.prediction" />
31-->src/main/AndroidManifest.xml:16:9-53
31-->src/main/AndroidManifest.xml:16:19-50
32        <activity android:name="com.polsri.paio.MainActivity" />
32-->src/main/AndroidManifest.xml:17:9-50
32-->src/main/AndroidManifest.xml:17:19-47
33        <activity android:name="com.polsri.paio.menu.beriMakan" />
33-->src/main/AndroidManifest.xml:18:9-52
33-->src/main/AndroidManifest.xml:18:19-49
34        <activity android:name="com.polsri.paio.splash.splash" >
34-->src/main/AndroidManifest.xml:19:9-24:20
34-->src/main/AndroidManifest.xml:19:19-48
35            <intent-filter>
35-->src/main/AndroidManifest.xml:20:13-23:29
36                <action android:name="android.intent.action.MAIN" />
36-->src/main/AndroidManifest.xml:21:17-69
36-->src/main/AndroidManifest.xml:21:25-66
37
38                <category android:name="android.intent.category.LAUNCHER" />
38-->src/main/AndroidManifest.xml:22:17-77
38-->src/main/AndroidManifest.xml:22:27-74
39            </intent-filter>
40        </activity>
41
42        <service
42-->[com.google.firebase:firebase-database:20.0.2] AndroidManifest.xml:29:9-35:19
43            android:name="com.google.firebase.components.ComponentDiscoveryService"
43-->[com.google.firebase:firebase-database:20.0.2] AndroidManifest.xml:30:13-84
44            android:directBootAware="true"
44-->[com.google.firebase:firebase-common:20.0.0] AndroidManifest.xml:35:13-43
45            android:exported="false" >
45-->[com.google.firebase:firebase-database:20.0.2] AndroidManifest.xml:31:13-37
46            <meta-data
46-->[com.google.firebase:firebase-database:20.0.2] AndroidManifest.xml:32:13-34:85
47                android:name="com.google.firebase.components:com.google.firebase.database.DatabaseRegistrar"
47-->[com.google.firebase:firebase-database:20.0.2] AndroidManifest.xml:33:17-109
48                android:value="com.google.firebase.components.ComponentRegistrar" />
48-->[com.google.firebase:firebase-database:20.0.2] AndroidManifest.xml:34:17-82
49            <meta-data
49-->[com.google.firebase:firebase-storage:20.0.0] AndroidManifest.xml:33:13-35:85
50                android:name="com.google.firebase.components:com.google.firebase.storage.StorageRegistrar"
50-->[com.google.firebase:firebase-storage:20.0.0] AndroidManifest.xml:34:17-107
51                android:value="com.google.firebase.components.ComponentRegistrar" />
51-->[com.google.firebase:firebase-storage:20.0.0] AndroidManifest.xml:35:17-82
52            <meta-data
52-->[com.google.android.gms:play-services-measurement-api:19.0.0] AndroidManifest.xml:30:13-32:85
53                android:name="com.google.firebase.components:com.google.firebase.analytics.connector.internal.AnalyticsConnectorRegistrar"
53-->[com.google.android.gms:play-services-measurement-api:19.0.0] AndroidManifest.xml:31:17-139
54                android:value="com.google.firebase.components.ComponentRegistrar" />
54-->[com.google.android.gms:play-services-measurement-api:19.0.0] AndroidManifest.xml:32:17-82
55            <meta-data
55-->[com.google.firebase:firebase-installations:17.0.0] AndroidManifest.xml:18:13-20:85
56                android:name="com.google.firebase.components:com.google.firebase.installations.FirebaseInstallationsRegistrar"
56-->[com.google.firebase:firebase-installations:17.0.0] AndroidManifest.xml:19:17-127
57                android:value="com.google.firebase.components.ComponentRegistrar" />
57-->[com.google.firebase:firebase-installations:17.0.0] AndroidManifest.xml:20:17-82
58        </service>
59
60        <provider
60-->[com.google.firebase:firebase-common:20.0.0] AndroidManifest.xml:26:9-31:39
61            android:name="com.google.firebase.provider.FirebaseInitProvider"
61-->[com.google.firebase:firebase-common:20.0.0] AndroidManifest.xml:27:13-77
62            android:authorities="com.polsri.paio.firebaseinitprovider"
62-->[com.google.firebase:firebase-common:20.0.0] AndroidManifest.xml:28:13-72
63            android:directBootAware="true"
63-->[com.google.firebase:firebase-common:20.0.0] AndroidManifest.xml:29:13-43
64            android:exported="false"
64-->[com.google.firebase:firebase-common:20.0.0] AndroidManifest.xml:30:13-37
65            android:initOrder="100" />
65-->[com.google.firebase:firebase-common:20.0.0] AndroidManifest.xml:31:13-36
66
67        <activity
67-->[com.google.android.gms:play-services-base:17.1.0] AndroidManifest.xml:23:9-26:75
68            android:name="com.google.android.gms.common.api.GoogleApiActivity"
68-->[com.google.android.gms:play-services-base:17.1.0] AndroidManifest.xml:24:13-79
69            android:exported="false"
69-->[com.google.android.gms:play-services-base:17.1.0] AndroidManifest.xml:25:13-37
70            android:theme="@android:style/Theme.Translucent.NoTitleBar" />
70-->[com.google.android.gms:play-services-base:17.1.0] AndroidManifest.xml:26:13-72
71
72        <receiver
72-->[com.google.android.gms:play-services-measurement:19.0.0] AndroidManifest.xml:29:9-33:20
73            android:name="com.google.android.gms.measurement.AppMeasurementReceiver"
73-->[com.google.android.gms:play-services-measurement:19.0.0] AndroidManifest.xml:30:13-85
74            android:enabled="true"
74-->[com.google.android.gms:play-services-measurement:19.0.0] AndroidManifest.xml:31:13-35
75            android:exported="false" >
75-->[com.google.android.gms:play-services-measurement:19.0.0] AndroidManifest.xml:32:13-37
76        </receiver>
77
78        <service
78-->[com.google.android.gms:play-services-measurement:19.0.0] AndroidManifest.xml:35:9-38:40
79            android:name="com.google.android.gms.measurement.AppMeasurementService"
79-->[com.google.android.gms:play-services-measurement:19.0.0] AndroidManifest.xml:36:13-84
80            android:enabled="true"
80-->[com.google.android.gms:play-services-measurement:19.0.0] AndroidManifest.xml:37:13-35
81            android:exported="false" />
81-->[com.google.android.gms:play-services-measurement:19.0.0] AndroidManifest.xml:38:13-37
82        <service
82-->[com.google.android.gms:play-services-measurement:19.0.0] AndroidManifest.xml:39:9-43:72
83            android:name="com.google.android.gms.measurement.AppMeasurementJobService"
83-->[com.google.android.gms:play-services-measurement:19.0.0] AndroidManifest.xml:40:13-87
84            android:enabled="true"
84-->[com.google.android.gms:play-services-measurement:19.0.0] AndroidManifest.xml:41:13-35
85            android:exported="false"
85-->[com.google.android.gms:play-services-measurement:19.0.0] AndroidManifest.xml:42:13-37
86            android:permission="android.permission.BIND_JOB_SERVICE" />
86-->[com.google.android.gms:play-services-measurement:19.0.0] AndroidManifest.xml:43:13-69
87
88        <meta-data
88-->[com.google.android.gms:play-services-basement:17.0.0] AndroidManifest.xml:23:9-25:69
89            android:name="com.google.android.gms.version"
89-->[com.google.android.gms:play-services-basement:17.0.0] AndroidManifest.xml:24:13-58
90            android:value="@integer/google_play_services_version" />
90-->[com.google.android.gms:play-services-basement:17.0.0] AndroidManifest.xml:25:13-66
91    </application>
92
93</manifest>